{"level":30,"time":1766026407982,"pid":13650,"hostname":"macdeMacBook-Air.local","context":"NestFactory","msg":"Starting Nest application..."}
{"level":30,"time":1766026407982,"pid":13650,"hostname":"macdeMacBook-Air.local","context":"InstanceLoader","msg":"LoggerModule dependencies initialized"}
{"level":30,"time":1766026407982,"pid":13650,"hostname":"macdeMacBook-Air.local","context":"InstanceLoader","msg":"ClsModule dependencies initialized"}
{"level":30,"time":1766026407982,"pid":13650,"hostname":"macdeMacBook-Air.local","context":"InstanceLoader","msg":"ClsModule dependencies initialized"}
{"level":30,"time":1766026407982,"pid":13650,"hostname":"macdeMacBook-Air.local","context":"InstanceLoader","msg":"ClsCommonModule dependencies initialized"}
{"level":30,"time":1766026407982,"pid":13650,"hostname":"macdeMacBook-Air.local","context":"InstanceLoader","msg":"CommonModule dependencies initialized"}
{"level":30,"time":1766026407982,"pid":13650,"hostname":"macdeMacBook-Air.local","context":"InstanceLoader","msg":"SystemModule dependencies initialized"}
{"level":30,"time":1766026407982,"pid":13650,"hostname":"macdeMacBook-Air.local","context":"InstanceLoader","msg":"PassportModule dependencies initialized"}
{"level":30,"time":1766026407982,"pid":13650,"hostname":"macdeMacBook-Air.local","context":"InstanceLoader","msg":"MonitorModule dependencies initialized"}
{"level":30,"time":1766026407982,"pid":13650,"hostname":"macdeMacBook-Air.local","context":"InstanceLoader","msg":"ThrottlerModule dependencies initialized"}
{"level":30,"time":1766026407982,"pid":13650,"hostname":"macdeMacBook-Air.local","context":"InstanceLoader","msg":"HttpModule dependencies initialized"}
{"level":30,"time":1766026407982,"pid":13650,"hostname":"macdeMacBook-Air.local","context":"InstanceLoader","msg":"PrometheusModule dependencies initialized"}
{"level":30,"time":1766026407982,"pid":13650,"hostname":"macdeMacBook-Air.local","context":"InstanceLoader","msg":"ConfigHostModule dependencies initialized"}
{"level":30,"time":1766026407982,"pid":13650,"hostname":"macdeMacBook-Air.local","context":"InstanceLoader","msg":"ServerModule dependencies initialized"}
{"level":30,"time":1766026407982,"pid":13650,"hostname":"macdeMacBook-Air.local","context":"InstanceLoader","msg":"ResourceModule dependencies initialized"}
{"level":30,"time":1766026407982,"pid":13650,"hostname":"macdeMacBook-Air.local","context":"InstanceLoader","msg":"DiscoveryModule dependencies initialized"}
{"level":30,"time":1766026407982,"pid":13650,"hostname":"macdeMacBook-Air.local","context":"InstanceLoader","msg":"ClsRootModule dependencies initialized"}
{"level":30,"time":1766026407982,"pid":13650,"hostname":"macdeMacBook-Air.local","context":"InstanceLoader","msg":"AxiosModule dependencies initialized"}
{"level":30,"time":1766026407983,"pid":13650,"hostname":"macdeMacBook-Air.local","context":"InstanceLoader","msg":"ConfigModule dependencies initialized"}
{"level":30,"time":1766026407983,"pid":13650,"hostname":"macdeMacBook-Air.local","context":"InstanceLoader","msg":"ConfigModule dependencies initialized"}
{"level":30,"time":1766026407983,"pid":13650,"hostname":"macdeMacBook-Air.local","context":"InstanceLoader","msg":"ScheduleModule dependencies initialized"}
{"level":30,"time":1766026407983,"pid":13650,"hostname":"macdeMacBook-Air.local","context":"InstanceLoader","msg":"ClsPluginsModule dependencies initialized"}
{"level":30,"time":1766026407983,"pid":13650,"hostname":"macdeMacBook-Air.local","context":"InstanceLoader","msg":"MetricsModule dependencies initialized"}
{"level":30,"time":1766026407983,"pid":13650,"hostname":"macdeMacBook-Air.local","context":"InstanceLoader","msg":"TerminusModule dependencies initialized"}
{"level":30,"time":1766026407983,"pid":13650,"hostname":"macdeMacBook-Air.local","context":"InstanceLoader","msg":"PrismaModule dependencies initialized"}
{"level":30,"time":1766026407983,"pid":13650,"hostname":"macdeMacBook-Air.local","context":"InstanceLoader","msg":"TenantModule dependencies initialized"}
{"level":30,"time":1766026407983,"pid":13650,"hostname":"macdeMacBook-Air.local","context":"InstanceLoader","msg":"JwtModule dependencies initialized"}
{"level":30,"time":1766026407983,"pid":13650,"hostname":"macdeMacBook-Air.local","context":"InstanceLoader","msg":"CryptoModule dependencies initialized"}
{"level":30,"time":1766026407983,"pid":13650,"hostname":"macdeMacBook-Air.local","context":"InstanceLoader","msg":"LoggerModule dependencies initialized"}
{"level":30,"time":1766026407983,"pid":13650,"hostname":"macdeMacBook-Air.local","context":"InstanceLoader","msg":"RedisModule dependencies initialized"}
{"level":30,"time":1766026407983,"pid":13650,"hostname":"macdeMacBook-Air.local","context":"InstanceLoader","msg":"RedisModule dependencies initialized"}
{"level":30,"time":1766026407983,"pid":13650,"hostname":"macdeMacBook-Air.local","context":"InstanceLoader","msg":"AuthModule dependencies initialized"}
{"level":30,"time":1766026407983,"pid":13650,"hostname":"macdeMacBook-Air.local","context":"InstanceLoader","msg":"HealthModule dependencies initialized"}
{"level":30,"time":1766026407983,"pid":13650,"hostname":"macdeMacBook-Air.local","context":"InstanceLoader","msg":"UploadModule dependencies initialized"}
{"level":30,"time":1766026407983,"pid":13650,"hostname":"macdeMacBook-Air.local","context":"InstanceLoader","msg":"LoginlogModule dependencies initialized"}
{"level":30,"time":1766026407983,"pid":13650,"hostname":"macdeMacBook-Air.local","context":"InstanceLoader","msg":"NoticeModule dependencies initialized"}
{"level":30,"time":1766026407983,"pid":13650,"hostname":"macdeMacBook-Air.local","context":"InstanceLoader","msg":"TenantPackageModule dependencies initialized"}
{"level":30,"time":1766026407983,"pid":13650,"hostname":"macdeMacBook-Air.local","context":"InstanceLoader","msg":"ToolModule dependencies initialized"}
{"level":30,"time":1766026407983,"pid":13650,"hostname":"macdeMacBook-Air.local","context":"InstanceLoader","msg":"FileManagerModule dependencies initialized"}
{"level":30,"time":1766026407983,"pid":13650,"hostname":"macdeMacBook-Air.local","context":"InstanceLoader","msg":"JobModule dependencies initialized"}
{"level":30,"time":1766026407983,"pid":13650,"hostname":"macdeMacBook-Air.local","context":"InstanceLoader","msg":"OperlogModule dependencies initialized"}
{"level":30,"time":1766026407983,"pid":13650,"hostname":"macdeMacBook-Air.local","context":"InstanceLoader","msg":"DeptModule dependencies initialized"}
{"level":30,"time":1766026407983,"pid":13650,"hostname":"macdeMacBook-Air.local","context":"InstanceLoader","msg":"DictModule dependencies initialized"}
{"level":30,"time":1766026407983,"pid":13650,"hostname":"macdeMacBook-Air.local","context":"InstanceLoader","msg":"TenantModule dependencies initialized"}
{"level":30,"time":1766026407983,"pid":13650,"hostname":"macdeMacBook-Air.local","context":"InstanceLoader","msg":"CacheModule dependencies initialized"}
{"level":30,"time":1766026407983,"pid":13650,"hostname":"macdeMacBook-Air.local","context":"InstanceLoader","msg":"OnlineModule dependencies initialized"}
{"level":30,"time":1766026407983,"pid":13650,"hostname":"macdeMacBook-Air.local","context":"InstanceLoader","msg":"PostModule dependencies initialized"}
{"level":30,"time":1766026407983,"pid":13650,"hostname":"macdeMacBook-Air.local","context":"InstanceLoader","msg":"SysConfigModule dependencies initialized"}
{"level":30,"time":1766026407983,"pid":13650,"hostname":"macdeMacBook-Air.local","context":"InstanceLoader","msg":"RoleModule dependencies initialized"}
{"level":30,"time":1766026407983,"pid":13650,"hostname":"macdeMacBook-Air.local","context":"InstanceLoader","msg":"AppModule dependencies initialized"}
{"level":30,"time":1766026407983,"pid":13650,"hostname":"macdeMacBook-Air.local","context":"InstanceLoader","msg":"MainModule dependencies initialized"}
{"level":30,"time":1766026407983,"pid":13650,"hostname":"macdeMacBook-Air.local","context":"InstanceLoader","msg":"MenuModule dependencies initialized"}
{"level":30,"time":1766026407983,"pid":13650,"hostname":"macdeMacBook-Air.local","context":"InstanceLoader","msg":"UserModule dependencies initialized"}
{"level":50,"time":1766026408010,"pid":13650,"hostname":"macdeMacBook-Air.local","msg":"Duplicate DTO detected: \"TenantVo\" is defined multiple times with different schemas.\nConsider using unique class names or applying @ApiExtraModels() decorator with custom schema names.\nNote: This will throw an error in the next major version."}
{"level":20,"time":1766026408034,"pid":13650,"hostname":"macdeMacBook-Air.local","context":"ClsModule","msg":"Mounting ClsMiddleware to *"}
{"level":30,"time":1766026408035,"pid":13650,"hostname":"macdeMacBook-Air.local","context":"RoutesResolver","msg":"MainController {/api}:"}
{"level":30,"time":1766026408036,"pid":13650,"hostname":"macdeMacBook-Air.local","context":"RouterExplorer","msg":"Mapped {/api/login, POST} route"}
{"level":30,"time":1766026408036,"pid":13650,"hostname":"macdeMacBook-Air.local","context":"RouterExplorer","msg":"Mapped {/api/logout, POST} route"}
{"level":30,"time":1766026408036,"pid":13650,"hostname":"macdeMacBook-Air.local","context":"RouterExplorer","msg":"Mapped {/api/register, POST} route"}
{"level":30,"time":1766026408036,"pid":13650,"hostname":"macdeMacBook-Air.local","context":"RouterExplorer","msg":"Mapped {/api/registerUser, GET} route"}
{"level":30,"time":1766026408036,"pid":13650,"hostname":"macdeMacBook-Air.local","context":"RouterExplorer","msg":"Mapped {/api/captchaImage, GET} route"}
{"level":30,"time":1766026408036,"pid":13650,"hostname":"macdeMacBook-Air.local","context":"RouterExplorer","msg":"Mapped {/api/getInfo, GET} route"}
{"level":30,"time":1766026408036,"pid":13650,"hostname":"macdeMacBook-Air.local","context":"RouterExplorer","msg":"Mapped {/api/getRouters, GET} route"}
{"level":30,"time":1766026408036,"pid":13650,"hostname":"macdeMacBook-Air.local","context":"RoutesResolver","msg":"AuthController {/api/auth}:"}
{"level":30,"time":1766026408036,"pid":13650,"hostname":"macdeMacBook-Air.local","context":"RouterExplorer","msg":"Mapped {/api/auth/tenant/list, GET} route"}
{"level":30,"time":1766026408036,"pid":13650,"hostname":"macdeMacBook-Air.local","context":"RouterExplorer","msg":"Mapped {/api/auth/code, GET} route"}
{"level":30,"time":1766026408036,"pid":13650,"hostname":"macdeMacBook-Air.local","context":"RouterExplorer","msg":"Mapped {/api/auth/login, POST} route"}
{"level":30,"time":1766026408036,"pid":13650,"hostname":"macdeMacBook-Air.local","context":"RouterExplorer","msg":"Mapped {/api/auth/register, POST} route"}
{"level":30,"time":1766026408036,"pid":13650,"hostname":"macdeMacBook-Air.local","context":"RouterExplorer","msg":"Mapped {/api/auth/logout, POST} route"}
{"level":30,"time":1766026408036,"pid":13650,"hostname":"macdeMacBook-Air.local","context":"RouterExplorer","msg":"Mapped {/api/auth/social/callback, POST} route"}
{"level":30,"time":1766026408036,"pid":13650,"hostname":"macdeMacBook-Air.local","context":"RouterExplorer","msg":"Mapped {/api/auth/publicKey, GET} route"}
{"level":30,"time":1766026408036,"pid":13650,"hostname":"macdeMacBook-Air.local","context":"RoutesResolver","msg":"UploadController {/api/common/upload}:"}
{"level":30,"time":1766026408036,"pid":13650,"hostname":"macdeMacBook-Air.local","context":"RouterExplorer","msg":"Mapped {/api/common/upload, POST} route"}
{"level":30,"time":1766026408036,"pid":13650,"hostname":"macdeMacBook-Air.local","context":"RouterExplorer","msg":"Mapped {/api/common/upload/chunk/uploadId, GET} route"}
{"level":30,"time":1766026408037,"pid":13650,"hostname":"macdeMacBook-Air.local","context":"RouterExplorer","msg":"Mapped {/api/common/upload/chunk, POST} route"}
{"level":30,"time":1766026408037,"pid":13650,"hostname":"macdeMacBook-Air.local","context":"RouterExplorer","msg":"Mapped {/api/common/upload/chunk/merge, POST} route"}
{"level":30,"time":1766026408037,"pid":13650,"hostname":"macdeMacBook-Air.local","context":"RouterExplorer","msg":"Mapped {/api/common/upload/chunk/result, GET} route"}
{"level":30,"time":1766026408037,"pid":13650,"hostname":"macdeMacBook-Air.local","context":"RouterExplorer","msg":"Mapped {/api/common/upload/cos/authorization, GET} route"}
{"level":30,"time":1766026408037,"pid":13650,"hostname":"macdeMacBook-Air.local","context":"RoutesResolver","msg":"ConfigController {/api/system/config}:"}
{"level":30,"time":1766026408037,"pid":13650,"hostname":"macdeMacBook-Air.local","context":"RouterExplorer","msg":"Mapped {/api/system/config, POST} route"}
{"level":30,"time":1766026408037,"pid":13650,"hostname":"macdeMacBook-Air.local","context":"RouterExplorer","msg":"Mapped {/api/system/config/list, GET} route"}
{"level":30,"time":1766026408037,"pid":13650,"hostname":"macdeMacBook-Air.local","context":"RouterExplorer","msg":"Mapped {/api/system/config/:id, GET} route"}
{"level":30,"time":1766026408037,"pid":13650,"hostname":"macdeMacBook-Air.local","context":"RouterExplorer","msg":"Mapped {/api/system/config/configKey/:id, GET} route"}
{"level":30,"time":1766026408037,"pid":13650,"hostname":"macdeMacBook-Air.local","context":"RouterExplorer","msg":"Mapped {/api/system/config, PUT} route"}
{"level":30,"time":1766026408037,"pid":13650,"hostname":"macdeMacBook-Air.local","context":"RouterExplorer","msg":"Mapped {/api/system/config/updateByKey, PUT} route"}
{"level":30,"time":1766026408037,"pid":13650,"hostname":"macdeMacBook-Air.local","context":"RouterExplorer","msg":"Mapped {/api/system/config/refreshCache, DELETE} route"}
{"level":30,"time":1766026408037,"pid":13650,"hostname":"macdeMacBook-Air.local","context":"RouterExplorer","msg":"Mapped {/api/system/config/:id, DELETE} route"}
{"level":30,"time":1766026408037,"pid":13650,"hostname":"macdeMacBook-Air.local","context":"RouterExplorer","msg":"Mapped {/api/system/config/export, POST} route"}
{"level":30,"time":1766026408037,"pid":13650,"hostname":"macdeMacBook-Air.local","context":"RoutesResolver","msg":"DeptController {/api/system/dept}:"}
{"level":30,"time":1766026408037,"pid":13650,"hostname":"macdeMacBook-Air.local","context":"RouterExplorer","msg":"Mapped {/api/system/dept, POST} route"}
{"level":30,"time":1766026408037,"pid":13650,"hostname":"macdeMacBook-Air.local","context":"RouterExplorer","msg":"Mapped {/api/system/dept/list, GET} route"}
{"level":30,"time":1766026408037,"pid":13650,"hostname":"macdeMacBook-Air.local","context":"RouterExplorer","msg":"Mapped {/api/system/dept/optionselect, GET} route"}
{"level":30,"time":1766026408037,"pid":13650,"hostname":"macdeMacBook-Air.local","context":"RouterExplorer","msg":"Mapped {/api/system/dept/:id, GET} route"}
{"level":30,"time":1766026408037,"pid":13650,"hostname":"macdeMacBook-Air.local","context":"RouterExplorer","msg":"Mapped {/api/system/dept/list/exclude/:id, GET} route"}
{"level":30,"time":1766026408037,"pid":13650,"hostname":"macdeMacBook-Air.local","context":"RouterExplorer","msg":"Mapped {/api/system/dept, PUT} route"}
{"level":30,"time":1766026408037,"pid":13650,"hostname":"macdeMacBook-Air.local","context":"RouterExplorer","msg":"Mapped {/api/system/dept/:id, DELETE} route"}
{"level":30,"time":1766026408037,"pid":13650,"hostname":"macdeMacBook-Air.local","context":"RoutesResolver","msg":"DictController {/api/system/dict}:"}
{"level":30,"time":1766026408037,"pid":13650,"hostname":"macdeMacBook-Air.local","context":"RouterExplorer","msg":"Mapped {/api/system/dict/type, POST} route"}
{"level":30,"time":1766026408037,"pid":13650,"hostname":"macdeMacBook-Air.local","context":"RouterExplorer","msg":"Mapped {/api/system/dict/type/refreshCache, DELETE} route"}
{"level":30,"time":1766026408037,"pid":13650,"hostname":"macdeMacBook-Air.local","context":"RouterExplorer","msg":"Mapped {/api/system/dict/type/:id, DELETE} route"}
{"level":30,"time":1766026408037,"pid":13650,"hostname":"macdeMacBook-Air.local","context":"RouterExplorer","msg":"Mapped {/api/system/dict/type, PUT} route"}
{"level":30,"time":1766026408037,"pid":13650,"hostname":"macdeMacBook-Air.local","context":"RouterExplorer","msg":"Mapped {/api/system/dict/type/list, GET} route"}
{"level":30,"time":1766026408037,"pid":13650,"hostname":"macdeMacBook-Air.local","context":"RouterExplorer","msg":"Mapped {/api/system/dict/type/optionselect, GET} route"}
{"level":30,"time":1766026408037,"pid":13650,"hostname":"macdeMacBook-Air.local","context":"RouterExplorer","msg":"Mapped {/api/system/dict/type/:id, GET} route"}
{"level":30,"time":1766026408037,"pid":13650,"hostname":"macdeMacBook-Air.local","context":"RouterExplorer","msg":"Mapped {/api/system/dict/data, POST} route"}
{"level":30,"time":1766026408037,"pid":13650,"hostname":"macdeMacBook-Air.local","context":"RouterExplorer","msg":"Mapped {/api/system/dict/data/:id, DELETE} route"}
{"level":30,"time":1766026408037,"pid":13650,"hostname":"macdeMacBook-Air.local","context":"RouterExplorer","msg":"Mapped {/api/system/dict/data, PUT} route"}
{"level":30,"time":1766026408037,"pid":13650,"hostname":"macdeMacBook-Air.local","context":"RouterExplorer","msg":"Mapped {/api/system/dict/data/list, GET} route"}
{"level":30,"time":1766026408037,"pid":13650,"hostname":"macdeMacBook-Air.local","context":"RouterExplorer","msg":"Mapped {/api/system/dict/data/:id, GET} route"}
{"level":30,"time":1766026408037,"pid":13650,"hostname":"macdeMacBook-Air.local","context":"RouterExplorer","msg":"Mapped {/api/system/dict/data/type/:id, GET} route"}
{"level":30,"time":1766026408037,"pid":13650,"hostname":"macdeMacBook-Air.local","context":"RouterExplorer","msg":"Mapped {/api/system/dict/type/export, POST} route"}
{"level":30,"time":1766026408037,"pid":13650,"hostname":"macdeMacBook-Air.local","context":"RouterExplorer","msg":"Mapped {/api/system/dict/data/export, POST} route"}
{"level":30,"time":1766026408037,"pid":13650,"hostname":"macdeMacBook-Air.local","context":"RoutesResolver","msg":"MenuController {/api/system/menu}:"}
{"level":30,"time":1766026408037,"pid":13650,"hostname":"macdeMacBook-Air.local","context":"RouterExplorer","msg":"Mapped {/api/system/menu/getRouters, GET} route"}
{"level":30,"time":1766026408037,"pid":13650,"hostname":"macdeMacBook-Air.local","context":"RouterExplorer","msg":"Mapped {/api/system/menu, POST} route"}
{"level":30,"time":1766026408037,"pid":13650,"hostname":"macdeMacBook-Air.local","context":"RouterExplorer","msg":"Mapped {/api/system/menu/list, GET} route"}
{"level":30,"time":1766026408037,"pid":13650,"hostname":"macdeMacBook-Air.local","context":"RouterExplorer","msg":"Mapped {/api/system/menu/treeselect, GET} route"}
{"level":30,"time":1766026408037,"pid":13650,"hostname":"macdeMacBook-Air.local","context":"RouterExplorer","msg":"Mapped {/api/system/menu/roleMenuTreeselect/:menuId, GET} route"}
{"level":30,"time":1766026408037,"pid":13650,"hostname":"macdeMacBook-Air.local","context":"RouterExplorer","msg":"Mapped {/api/system/menu/tenantPackageMenuTreeselect/:packageId, GET} route"}
{"level":30,"time":1766026408037,"pid":13650,"hostname":"macdeMacBook-Air.local","context":"RouterExplorer","msg":"Mapped {/api/system/menu/:menuId, GET} route"}
{"level":30,"time":1766026408037,"pid":13650,"hostname":"macdeMacBook-Air.local","context":"RouterExplorer","msg":"Mapped {/api/system/menu, PUT} route"}
{"level":30,"time":1766026408037,"pid":13650,"hostname":"macdeMacBook-Air.local","context":"RouterExplorer","msg":"Mapped {/api/system/menu/cascade/:menuIds, DELETE} route"}
{"level":30,"time":1766026408037,"pid":13650,"hostname":"macdeMacBook-Air.local","context":"RouterExplorer","msg":"Mapped {/api/system/menu/:menuId, DELETE} route"}
{"level":30,"time":1766026408037,"pid":13650,"hostname":"macdeMacBook-Air.local","context":"RoutesResolver","msg":"NoticeController {/api/system/notice}:"}
{"level":30,"time":1766026408037,"pid":13650,"hostname":"macdeMacBook-Air.local","context":"RouterExplorer","msg":"Mapped {/api/system/notice, POST} route"}
{"level":30,"time":1766026408037,"pid":13650,"hostname":"macdeMacBook-Air.local","context":"RouterExplorer","msg":"Mapped {/api/system/notice/list, GET} route"}
{"level":30,"time":1766026408037,"pid":13650,"hostname":"macdeMacBook-Air.local","context":"RouterExplorer","msg":"Mapped {/api/system/notice/:id, GET} route"}
{"level":30,"time":1766026408037,"pid":13650,"hostname":"macdeMacBook-Air.local","context":"RouterExplorer","msg":"Mapped {/api/system/notice, PUT} route"}
{"level":30,"time":1766026408037,"pid":13650,"hostname":"macdeMacBook-Air.local","context":"RouterExplorer","msg":"Mapped {/api/system/notice/:id, DELETE} route"}
{"level":30,"time":1766026408037,"pid":13650,"hostname":"macdeMacBook-Air.local","context":"RoutesResolver","msg":"PostController {/api/system/post}:"}
{"level":30,"time":1766026408037,"pid":13650,"hostname":"macdeMacBook-Air.local","context":"RouterExplorer","msg":"Mapped {/api/system/post, POST} route"}
{"level":30,"time":1766026408037,"pid":13650,"hostname":"macdeMacBook-Air.local","context":"RouterExplorer","msg":"Mapped {/api/system/post/list, GET} route"}
{"level":30,"time":1766026408037,"pid":13650,"hostname":"macdeMacBook-Air.local","context":"RouterExplorer","msg":"Mapped {/api/system/post/optionselect, GET} route"}
{"level":30,"time":1766026408037,"pid":13650,"hostname":"macdeMacBook-Air.local","context":"RouterExplorer","msg":"Mapped {/api/system/post/deptTree, GET} route"}
{"level":30,"time":1766026408037,"pid":13650,"hostname":"macdeMacBook-Air.local","context":"RouterExplorer","msg":"Mapped {/api/system/post/:id, GET} route"}
{"level":30,"time":1766026408037,"pid":13650,"hostname":"macdeMacBook-Air.local","context":"RouterExplorer","msg":"Mapped {/api/system/post, PUT} route"}
{"level":30,"time":1766026408037,"pid":13650,"hostname":"macdeMacBook-Air.local","context":"RouterExplorer","msg":"Mapped {/api/system/post/:ids, DELETE} route"}
{"level":30,"time":1766026408037,"pid":13650,"hostname":"macdeMacBook-Air.local","context":"RouterExplorer","msg":"Mapped {/api/system/post/export, POST} route"}
{"level":30,"time":1766026408038,"pid":13650,"hostname":"macdeMacBook-Air.local","context":"RoutesResolver","msg":"RoleController {/api/system/role}:"}
{"level":30,"time":1766026408038,"pid":13650,"hostname":"macdeMacBook-Air.local","context":"RouterExplorer","msg":"Mapped {/api/system/role, POST} route"}
{"level":30,"time":1766026408038,"pid":13650,"hostname":"macdeMacBook-Air.local","context":"RouterExplorer","msg":"Mapped {/api/system/role/list, GET} route"}
{"level":30,"time":1766026408038,"pid":13650,"hostname":"macdeMacBook-Air.local","context":"RouterExplorer","msg":"Mapped {/api/system/role/optionselect, GET} route"}
{"level":30,"time":1766026408038,"pid":13650,"hostname":"macdeMacBook-Air.local","context":"RouterExplorer","msg":"Mapped {/api/system/role/deptTree/:id, GET} route"}
{"level":30,"time":1766026408038,"pid":13650,"hostname":"macdeMacBook-Air.local","context":"RouterExplorer","msg":"Mapped {/api/system/role/:id, GET} route"}
{"level":30,"time":1766026408038,"pid":13650,"hostname":"macdeMacBook-Air.local","context":"RouterExplorer","msg":"Mapped {/api/system/role, PUT} route"}
{"level":30,"time":1766026408038,"pid":13650,"hostname":"macdeMacBook-Air.local","context":"RouterExplorer","msg":"Mapped {/api/system/role/dataScope, PUT} route"}
{"level":30,"time":1766026408038,"pid":13650,"hostname":"macdeMacBook-Air.local","context":"RouterExplorer","msg":"Mapped {/api/system/role/changeStatus, PUT} route"}
{"level":30,"time":1766026408038,"pid":13650,"hostname":"macdeMacBook-Air.local","context":"RouterExplorer","msg":"Mapped {/api/system/role/:id, DELETE} route"}
{"level":30,"time":1766026408038,"pid":13650,"hostname":"macdeMacBook-Air.local","context":"RouterExplorer","msg":"Mapped {/api/system/role/authUser/allocatedList, GET} route"}
{"level":30,"time":1766026408038,"pid":13650,"hostname":"macdeMacBook-Air.local","context":"RouterExplorer","msg":"Mapped {/api/system/role/authUser/unallocatedList, GET} route"}
{"level":30,"time":1766026408038,"pid":13650,"hostname":"macdeMacBook-Air.local","context":"RouterExplorer","msg":"Mapped {/api/system/role/authUser/cancel, PUT} route"}
{"level":30,"time":1766026408038,"pid":13650,"hostname":"macdeMacBook-Air.local","context":"RouterExplorer","msg":"Mapped {/api/system/role/authUser/cancelAll, PUT} route"}
{"level":30,"time":1766026408038,"pid":13650,"hostname":"macdeMacBook-Air.local","context":"RouterExplorer","msg":"Mapped {/api/system/role/authUser/selectAll, PUT} route"}
{"level":30,"time":1766026408038,"pid":13650,"hostname":"macdeMacBook-Air.local","context":"RouterExplorer","msg":"Mapped {/api/system/role/export, POST} route"}
{"level":30,"time":1766026408038,"pid":13650,"hostname":"macdeMacBook-Air.local","context":"RoutesResolver","msg":"TenantController {/api/system/tenant}:"}
{"level":30,"time":1766026408038,"pid":13650,"hostname":"macdeMacBook-Air.local","context":"RouterExplorer","msg":"Mapped {/api/system/tenant, POST} route"}
{"level":30,"time":1766026408038,"pid":13650,"hostname":"macdeMacBook-Air.local","context":"RouterExplorer","msg":"Mapped {/api/system/tenant/list, GET} route"}
{"level":30,"time":1766026408038,"pid":13650,"hostname":"macdeMacBook-Air.local","context":"RouterExplorer","msg":"Mapped {/api/system/tenant/syncTenantDict, GET} route"}
{"level":30,"time":1766026408038,"pid":13650,"hostname":"macdeMacBook-Air.local","context":"RouterExplorer","msg":"Mapped {/api/system/tenant/syncTenantPackage, GET} route"}
{"level":30,"time":1766026408038,"pid":13650,"hostname":"macdeMacBook-Air.local","context":"RouterExplorer","msg":"Mapped {/api/system/tenant/syncTenantConfig, GET} route"}
{"level":30,"time":1766026408038,"pid":13650,"hostname":"macdeMacBook-Air.local","context":"RouterExplorer","msg":"Mapped {/api/system/tenant/:id, GET} route"}
{"level":30,"time":1766026408038,"pid":13650,"hostname":"macdeMacBook-Air.local","context":"RouterExplorer","msg":"Mapped {/api/system/tenant, PUT} route"}
{"level":30,"time":1766026408038,"pid":13650,"hostname":"macdeMacBook-Air.local","context":"RouterExplorer","msg":"Mapped {/api/system/tenant/:ids, DELETE} route"}
{"level":30,"time":1766026408038,"pid":13650,"hostname":"macdeMacBook-Air.local","context":"RouterExplorer","msg":"Mapped {/api/system/tenant/export, POST} route"}
{"level":30,"time":1766026408038,"pid":13650,"hostname":"macdeMacBook-Air.local","context":"RoutesResolver","msg":"TenantPackageController {/api/system/tenant/package}:"}
{"level":30,"time":1766026408038,"pid":13650,"hostname":"macdeMacBook-Air.local","context":"RouterExplorer","msg":"Mapped {/api/system/tenant/package, POST} route"}
{"level":30,"time":1766026408038,"pid":13650,"hostname":"macdeMacBook-Air.local","context":"RouterExplorer","msg":"Mapped {/api/system/tenant/package/list, GET} route"}
{"level":30,"time":1766026408038,"pid":13650,"hostname":"macdeMacBook-Air.local","context":"RouterExplorer","msg":"Mapped {/api/system/tenant/package/selectList, GET} route"}
{"level":30,"time":1766026408038,"pid":13650,"hostname":"macdeMacBook-Air.local","context":"RouterExplorer","msg":"Mapped {/api/system/tenant/package/:id, GET} route"}
{"level":30,"time":1766026408038,"pid":13650,"hostname":"macdeMacBook-Air.local","context":"RouterExplorer","msg":"Mapped {/api/system/tenant/package, PUT} route"}
{"level":30,"time":1766026408038,"pid":13650,"hostname":"macdeMacBook-Air.local","context":"RouterExplorer","msg":"Mapped {/api/system/tenant/package/:ids, DELETE} route"}
{"level":30,"time":1766026408038,"pid":13650,"hostname":"macdeMacBook-Air.local","context":"RouterExplorer","msg":"Mapped {/api/system/tenant/package/export, POST} route"}
{"level":30,"time":1766026408038,"pid":13650,"hostname":"macdeMacBook-Air.local","context":"RoutesResolver","msg":"ToolController {/api/tool}:"}
{"level":30,"time":1766026408038,"pid":13650,"hostname":"macdeMacBook-Air.local","context":"RouterExplorer","msg":"Mapped {/api/tool/gen/list, GET} route"}
{"level":30,"time":1766026408038,"pid":13650,"hostname":"macdeMacBook-Air.local","context":"RouterExplorer","msg":"Mapped {/api/tool/gen/db/list, GET} route"}
{"level":30,"time":1766026408038,"pid":13650,"hostname":"macdeMacBook-Air.local","context":"RouterExplorer","msg":"Mapped {/api/tool/gen/getDataNames, GET} route"}
{"level":30,"time":1766026408038,"pid":13650,"hostname":"macdeMacBook-Air.local","context":"RouterExplorer","msg":"Mapped {/api/tool/gen/importTable, POST} route"}
{"level":30,"time":1766026408038,"pid":13650,"hostname":"macdeMacBook-Air.local","context":"RouterExplorer","msg":"Mapped {/api/tool/gen/synchDb/:tableName, GET} route"}
{"level":30,"time":1766026408038,"pid":13650,"hostname":"macdeMacBook-Air.local","context":"RouterExplorer","msg":"Mapped {/api/tool/gen/:id, GET} route"}
{"level":30,"time":1766026408038,"pid":13650,"hostname":"macdeMacBook-Air.local","context":"RouterExplorer","msg":"Mapped {/api/tool/gen, PUT} route"}
{"level":30,"time":1766026408038,"pid":13650,"hostname":"macdeMacBook-Air.local","context":"RouterExplorer","msg":"Mapped {/api/tool/gen/:id, DELETE} route"}
{"level":30,"time":1766026408038,"pid":13650,"hostname":"macdeMacBook-Air.local","context":"RouterExplorer","msg":"Mapped {/api/tool/gen/batchGenCode/zip, GET} route"}
{"level":30,"time":1766026408038,"pid":13650,"hostname":"macdeMacBook-Air.local","context":"RouterExplorer","msg":"Mapped {/api/tool/gen/preview/:id, GET} route"}
{"level":30,"time":1766026408038,"pid":13650,"hostname":"macdeMacBook-Air.local","context":"RoutesResolver","msg":"UserController {/api/system/user}:"}
{"level":30,"time":1766026408038,"pid":13650,"hostname":"macdeMacBook-Air.local","context":"RouterExplorer","msg":"Mapped {/api/system/user/getInfo, GET} route"}
{"level":30,"time":1766026408038,"pid":13650,"hostname":"macdeMacBook-Air.local","context":"RouterExplorer","msg":"Mapped {/api/system/user/profile, GET} route"}
{"level":30,"time":1766026408038,"pid":13650,"hostname":"macdeMacBook-Air.local","context":"RouterExplorer","msg":"Mapped {/api/system/user/profile, PUT} route"}
{"level":30,"time":1766026408038,"pid":13650,"hostname":"macdeMacBook-Air.local","context":"RouterExplorer","msg":"Mapped {/api/system/user/profile/avatar, POST} route"}
{"level":30,"time":1766026408038,"pid":13650,"hostname":"macdeMacBook-Air.local","context":"RouterExplorer","msg":"Mapped {/api/system/user/profile/updatePwd, PUT} route"}
{"level":30,"time":1766026408038,"pid":13650,"hostname":"macdeMacBook-Air.local","context":"RouterExplorer","msg":"Mapped {/api/system/user, POST} route"}
{"level":30,"time":1766026408038,"pid":13650,"hostname":"macdeMacBook-Air.local","context":"RouterExplorer","msg":"Mapped {/api/system/user/list, GET} route"}
{"level":30,"time":1766026408038,"pid":13650,"hostname":"macdeMacBook-Air.local","context":"RouterExplorer","msg":"Mapped {/api/system/user/deptTree, GET} route"}
{"level":30,"time":1766026408038,"pid":13650,"hostname":"macdeMacBook-Air.local","context":"RouterExplorer","msg":"Mapped {/api/system/user, GET} route"}
{"level":30,"time":1766026408038,"pid":13650,"hostname":"macdeMacBook-Air.local","context":"RouterExplorer","msg":"Mapped {/api/system/user/authRole/:id, GET} route"}
{"level":30,"time":1766026408038,"pid":13650,"hostname":"macdeMacBook-Air.local","context":"RouterExplorer","msg":"Mapped {/api/system/user/authRole, PUT} route"}
{"level":30,"time":1766026408038,"pid":13650,"hostname":"macdeMacBook-Air.local","context":"RouterExplorer","msg":"Mapped {/api/system/user/optionselect, GET} route"}
{"level":30,"time":1766026408038,"pid":13650,"hostname":"macdeMacBook-Air.local","context":"RouterExplorer","msg":"Mapped {/api/system/user/list/dept/:deptId, GET} route"}
{"level":30,"time":1766026408038,"pid":13650,"hostname":"macdeMacBook-Air.local","context":"RouterExplorer","msg":"Mapped {/api/system/user/:userId, GET} route"}
{"level":30,"time":1766026408038,"pid":13650,"hostname":"macdeMacBook-Air.local","context":"RouterExplorer","msg":"Mapped {/api/system/user/changeStatus, PUT} route"}
{"level":30,"time":1766026408038,"pid":13650,"hostname":"macdeMacBook-Air.local","context":"RouterExplorer","msg":"Mapped {/api/system/user, PUT} route"}
{"level":30,"time":1766026408038,"pid":13650,"hostname":"macdeMacBook-Air.local","context":"RouterExplorer","msg":"Mapped {/api/system/user/resetPwd, PUT} route"}
{"level":30,"time":1766026408038,"pid":13650,"hostname":"macdeMacBook-Air.local","context":"RouterExplorer","msg":"Mapped {/api/system/user/:id, DELETE} route"}
{"level":30,"time":1766026408038,"pid":13650,"hostname":"macdeMacBook-Air.local","context":"RouterExplorer","msg":"Mapped {/api/system/user/export, POST} route"}
{"level":30,"time":1766026408038,"pid":13650,"hostname":"macdeMacBook-Air.local","context":"RoutesResolver","msg":"FileManagerController {/api/system/file-manager}:"}
{"level":30,"time":1766026408039,"pid":13650,"hostname":"macdeMacBook-Air.local","context":"RouterExplorer","msg":"Mapped {/api/system/file-manager/folder, POST} route"}
{"level":30,"time":1766026408039,"pid":13650,"hostname":"macdeMacBook-Air.local","context":"RouterExplorer","msg":"Mapped {/api/system/file-manager/folder, PUT} route"}
{"level":30,"time":1766026408039,"pid":13650,"hostname":"macdeMacBook-Air.local","context":"RouterExplorer","msg":"Mapped {/api/system/file-manager/folder/:folderId, DELETE} route"}
{"level":30,"time":1766026408039,"pid":13650,"hostname":"macdeMacBook-Air.local","context":"RouterExplorer","msg":"Mapped {/api/system/file-manager/folder/list, GET} route"}
{"level":30,"time":1766026408039,"pid":13650,"hostname":"macdeMacBook-Air.local","context":"RouterExplorer","msg":"Mapped {/api/system/file-manager/folder/tree, GET} route"}
{"level":30,"time":1766026408039,"pid":13650,"hostname":"macdeMacBook-Air.local","context":"RouterExplorer","msg":"Mapped {/api/system/file-manager/file/list, GET} route"}
{"level":30,"time":1766026408039,"pid":13650,"hostname":"macdeMacBook-Air.local","context":"RouterExplorer","msg":"Mapped {/api/system/file-manager/file/move, POST} route"}
{"level":30,"time":1766026408039,"pid":13650,"hostname":"macdeMacBook-Air.local","context":"RouterExplorer","msg":"Mapped {/api/system/file-manager/file/rename, POST} route"}
{"level":30,"time":1766026408039,"pid":13650,"hostname":"macdeMacBook-Air.local","context":"RouterExplorer","msg":"Mapped {/api/system/file-manager/file, DELETE} route"}
{"level":30,"time":1766026408039,"pid":13650,"hostname":"macdeMacBook-Air.local","context":"RouterExplorer","msg":"Mapped {/api/system/file-manager/file/:uploadId, GET} route"}
{"level":30,"time":1766026408039,"pid":13650,"hostname":"macdeMacBook-Air.local","context":"RouterExplorer","msg":"Mapped {/api/system/file-manager/share, POST} route"}
{"level":30,"time":1766026408039,"pid":13650,"hostname":"macdeMacBook-Air.local","context":"RouterExplorer","msg":"Mapped {/api/system/file-manager/share/:shareId, GET} route"}
{"level":30,"time":1766026408039,"pid":13650,"hostname":"macdeMacBook-Air.local","context":"RouterExplorer","msg":"Mapped {/api/system/file-manager/share/:shareId/download, POST} route"}
{"level":30,"time":1766026408039,"pid":13650,"hostname":"macdeMacBook-Air.local","context":"RouterExplorer","msg":"Mapped {/api/system/file-manager/share/:shareId, DELETE} route"}
{"level":30,"time":1766026408039,"pid":13650,"hostname":"macdeMacBook-Air.local","context":"RouterExplorer","msg":"Mapped {/api/system/file-manager/share/my/list, GET} route"}
{"level":30,"time":1766026408039,"pid":13650,"hostname":"macdeMacBook-Air.local","context":"RoutesResolver","msg":"JobController {/api/monitor/job}:"}
{"level":30,"time":1766026408039,"pid":13650,"hostname":"macdeMacBook-Air.local","context":"RouterExplorer","msg":"Mapped {/api/monitor/job/list, GET} route"}
{"level":30,"time":1766026408039,"pid":13650,"hostname":"macdeMacBook-Air.local","context":"RouterExplorer","msg":"Mapped {/api/monitor/job/:jobId, GET} route"}
{"level":30,"time":1766026408039,"pid":13650,"hostname":"macdeMacBook-Air.local","context":"RouterExplorer","msg":"Mapped {/api/monitor/job, POST} route"}
{"level":30,"time":1766026408039,"pid":13650,"hostname":"macdeMacBook-Air.local","context":"RouterExplorer","msg":"Mapped {/api/monitor/job/changeStatus, PUT} route"}
{"level":30,"time":1766026408039,"pid":13650,"hostname":"macdeMacBook-Air.local","context":"RouterExplorer","msg":"Mapped {/api/monitor/job, PUT} route"}
{"level":30,"time":1766026408039,"pid":13650,"hostname":"macdeMacBook-Air.local","context":"RouterExplorer","msg":"Mapped {/api/monitor/job/:jobIds, DELETE} route"}
{"level":30,"time":1766026408039,"pid":13650,"hostname":"macdeMacBook-Air.local","context":"RouterExplorer","msg":"Mapped {/api/monitor/job/run, PUT} route"}
{"level":30,"time":1766026408039,"pid":13650,"hostname":"macdeMacBook-Air.local","context":"RouterExplorer","msg":"Mapped {/api/monitor/job/export, POST} route"}
{"level":30,"time":1766026408039,"pid":13650,"hostname":"macdeMacBook-Air.local","context":"RoutesResolver","msg":"JobLogController {/api/monitor/jobLog}:"}
{"level":30,"time":1766026408039,"pid":13650,"hostname":"macdeMacBook-Air.local","context":"RouterExplorer","msg":"Mapped {/api/monitor/jobLog/list, GET} route"}
{"level":30,"time":1766026408039,"pid":13650,"hostname":"macdeMacBook-Air.local","context":"RouterExplorer","msg":"Mapped {/api/monitor/jobLog/clean, DELETE} route"}
{"level":30,"time":1766026408039,"pid":13650,"hostname":"macdeMacBook-Air.local","context":"RouterExplorer","msg":"Mapped {/api/monitor/jobLog/export, POST} route"}
{"level":30,"time":1766026408039,"pid":13650,"hostname":"macdeMacBook-Air.local","context":"RoutesResolver","msg":"ServerController {/api/monitor/server}:"}
{"level":30,"time":1766026408039,"pid":13650,"hostname":"macdeMacBook-Air.local","context":"RouterExplorer","msg":"Mapped {/api/monitor/server, GET} route"}
{"level":30,"time":1766026408039,"pid":13650,"hostname":"macdeMacBook-Air.local","context":"RoutesResolver","msg":"CacheController {/api/monitor/cache}:"}
{"level":30,"time":1766026408039,"pid":13650,"hostname":"macdeMacBook-Air.local","context":"RouterExplorer","msg":"Mapped {/api/monitor/cache, GET} route"}
{"level":30,"time":1766026408039,"pid":13650,"hostname":"macdeMacBook-Air.local","context":"RouterExplorer","msg":"Mapped {/api/monitor/cache/getNames, GET} route"}
{"level":30,"time":1766026408039,"pid":13650,"hostname":"macdeMacBook-Air.local","context":"RouterExplorer","msg":"Mapped {/api/monitor/cache/getKeys/:id, GET} route"}
{"level":30,"time":1766026408039,"pid":13650,"hostname":"macdeMacBook-Air.local","context":"RouterExplorer","msg":"Mapped {/api/monitor/cache/getValue/:cacheName/:cacheKey, GET} route"}
{"level":30,"time":1766026408039,"pid":13650,"hostname":"macdeMacBook-Air.local","context":"RouterExplorer","msg":"Mapped {/api/monitor/cache/clearCacheName/:cacheName, DELETE} route"}
{"level":30,"time":1766026408039,"pid":13650,"hostname":"macdeMacBook-Air.local","context":"RouterExplorer","msg":"Mapped {/api/monitor/cache/clearCacheKey/:cacheKey, DELETE} route"}
{"level":30,"time":1766026408039,"pid":13650,"hostname":"macdeMacBook-Air.local","context":"RouterExplorer","msg":"Mapped {/api/monitor/cache/clearCacheAll, DELETE} route"}
{"level":30,"time":1766026408039,"pid":13650,"hostname":"macdeMacBook-Air.local","context":"RoutesResolver","msg":"LoginlogController {/api/monitor/logininfor}:"}
{"level":30,"time":1766026408039,"pid":13650,"hostname":"macdeMacBook-Air.local","context":"RouterExplorer","msg":"Mapped {/api/monitor/logininfor/list, GET} route"}
{"level":30,"time":1766026408039,"pid":13650,"hostname":"macdeMacBook-Air.local","context":"RouterExplorer","msg":"Mapped {/api/monitor/logininfor/clean, DELETE} route"}
{"level":30,"time":1766026408039,"pid":13650,"hostname":"macdeMacBook-Air.local","context":"RouterExplorer","msg":"Mapped {/api/monitor/logininfor/unlock/:username, GET} route"}
{"level":30,"time":1766026408039,"pid":13650,"hostname":"macdeMacBook-Air.local","context":"RouterExplorer","msg":"Mapped {/api/monitor/logininfor/:id, DELETE} route"}
{"level":30,"time":1766026408039,"pid":13650,"hostname":"macdeMacBook-Air.local","context":"RouterExplorer","msg":"Mapped {/api/monitor/logininfor/export, POST} route"}
{"level":30,"time":1766026408039,"pid":13650,"hostname":"macdeMacBook-Air.local","context":"RoutesResolver","msg":"OnlineController {/api/monitor/online}:"}
{"level":30,"time":1766026408039,"pid":13650,"hostname":"macdeMacBook-Air.local","context":"RouterExplorer","msg":"Mapped {/api/monitor/online/list, GET} route"}
{"level":30,"time":1766026408039,"pid":13650,"hostname":"macdeMacBook-Air.local","context":"RouterExplorer","msg":"Mapped {/api/monitor/online/:token, DELETE} route"}
{"level":30,"time":1766026408039,"pid":13650,"hostname":"macdeMacBook-Air.local","context":"RoutesResolver","msg":"OperlogController {/api/monitor/operlog}:"}
{"level":30,"time":1766026408039,"pid":13650,"hostname":"macdeMacBook-Air.local","context":"RouterExplorer","msg":"Mapped {/api/monitor/operlog/clean, DELETE} route"}
{"level":30,"time":1766026408040,"pid":13650,"hostname":"macdeMacBook-Air.local","context":"RouterExplorer","msg":"Mapped {/api/monitor/operlog/list, GET} route"}
{"level":30,"time":1766026408040,"pid":13650,"hostname":"macdeMacBook-Air.local","context":"RouterExplorer","msg":"Mapped {/api/monitor/operlog/:operId, GET} route"}
{"level":30,"time":1766026408040,"pid":13650,"hostname":"macdeMacBook-Air.local","context":"RouterExplorer","msg":"Mapped {/api/monitor/operlog/:operId, DELETE} route"}
{"level":30,"time":1766026408040,"pid":13650,"hostname":"macdeMacBook-Air.local","context":"RouterExplorer","msg":"Mapped {/api/monitor/operlog/export, POST} route"}
{"level":30,"time":1766026408040,"pid":13650,"hostname":"macdeMacBook-Air.local","context":"RoutesResolver","msg":"HealthController {/api/health}:"}
{"level":30,"time":1766026408040,"pid":13650,"hostname":"macdeMacBook-Air.local","context":"RouterExplorer","msg":"Mapped {/api/health, GET} route"}
{"level":30,"time":1766026408040,"pid":13650,"hostname":"macdeMacBook-Air.local","context":"RouterExplorer","msg":"Mapped {/api/health/liveness, GET} route"}
{"level":30,"time":1766026408040,"pid":13650,"hostname":"macdeMacBook-Air.local","context":"RouterExplorer","msg":"Mapped {/api/health/readiness, GET} route"}
{"level":30,"time":1766026408040,"pid":13650,"hostname":"macdeMacBook-Air.local","context":"RoutesResolver","msg":"MetricsController {/api}:"}
{"level":30,"time":1766026408040,"pid":13650,"hostname":"macdeMacBook-Air.local","context":"RouterExplorer","msg":"Mapped {/api/metrics, GET} route"}
{"level":30,"time":1766026408040,"pid":13650,"hostname":"macdeMacBook-Air.local","context":"RoutesResolver","msg":"PrometheusController {/api/metrics}:"}
{"level":30,"time":1766026408040,"pid":13650,"hostname":"macdeMacBook-Air.local","context":"RouterExplorer","msg":"Mapped {/api/metrics, GET} route"}
{"level":30,"time":1766026408040,"pid":13650,"hostname":"macdeMacBook-Air.local","context":"RoutesResolver","msg":"SseController {/api/resource}:"}
{"level":30,"time":1766026408040,"pid":13650,"hostname":"macdeMacBook-Air.local","context":"RouterExplorer","msg":"Mapped {/api/resource/sse, GET} route"}
{"level":30,"time":1766026408040,"pid":13650,"hostname":"macdeMacBook-Air.local","context":"RouterExplorer","msg":"Mapped {/api/resource/sse/close, GET} route"}
{"level":30,"time":1766026408040,"pid":13650,"hostname":"macdeMacBook-Air.local","context":"RouterExplorer","msg":"Mapped {/api/resource/sse/send, POST} route"}
{"level":30,"time":1766026408040,"pid":13650,"hostname":"macdeMacBook-Air.local","context":"RouterExplorer","msg":"Mapped {/api/resource/sse/broadcast, POST} route"}
{"level":30,"time":1766026408040,"pid":13650,"hostname":"macdeMacBook-Air.local","context":"RouterExplorer","msg":"Mapped {/api/resource/sse/count, POST} route"}
{"level":30,"time":1766026408044,"pid":13650,"hostname":"macdeMacBook-Air.local","context":"TaskService","msg":"注册任务: task.noParams"}
{"level":30,"time":1766026408044,"pid":13650,"hostname":"macdeMacBook-Air.local","context":"TaskService","msg":"注册任务: task.params"}
{"level":30,"time":1766026408044,"pid":13650,"hostname":"macdeMacBook-Air.local","context":"TaskService","msg":"注册任务: task.clearTemp"}
{"level":30,"time":1766026408044,"pid":13650,"hostname":"macdeMacBook-Air.local","context":"TaskService","msg":"注册任务: task.monitorSystem"}
{"level":30,"time":1766026408044,"pid":13650,"hostname":"macdeMacBook-Air.local","context":"TaskService","msg":"注册任务: task.backupDatabase"}
{"level":30,"time":1766026408044,"pid":13650,"hostname":"macdeMacBook-Air.local","context":"TaskService","msg":"注册任务: dailyBackup"}
{"level":30,"time":1766026408051,"pid":13650,"hostname":"macdeMacBook-Air.local","context":"PrismaService","msg":"Prisma connected to PostgreSQL successfully."}
{"level":30,"time":1766026408051,"pid":13650,"hostname":"macdeMacBook-Air.local","context":"CryptoService","msg":"Crypto service initialized with RSA+AES encryption"}
{"level":30,"time":1766026408063,"pid":13650,"hostname":"macdeMacBook-Air.local","context":"NestApplication","msg":"Nest application successfully started"}
{"level":30,"time":1766026408064,"pid":13650,"hostname":"macdeMacBook-Air.local","context":"Bootstrap","msg":"Nest-Admin-Soybean 服务启动成功"}
{"level":30,"time":1766026408064,"pid":13650,"hostname":"macdeMacBook-Air.local","context":"Bootstrap","msg":"服务地址: http://localhost:8080/api/"}
{"level":30,"time":1766026408064,"pid":13650,"hostname":"macdeMacBook-Air.local","context":"Bootstrap","msg":"Swagger 文档: http://localhost:8080/api/swagger-ui/"}
{"level":30,"time":1766026408064,"pid":13650,"hostname":"macdeMacBook-Air.local","context":"Bootstrap","msg":"健康检查: http://localhost:8080/api/health"}
{"level":30,"time":1766026408064,"pid":13650,"hostname":"macdeMacBook-Air.local","context":"Bootstrap","msg":"Prometheus 指标: http://localhost:8080/api/metrics"}
{"level":30,"time":1766026408072,"pid":13650,"hostname":"macdeMacBook-Air.local","context":"RedisModule","msg":"default: connected successfully to the server"}
{"level":30,"time":1766026415376,"pid":13650,"hostname":"macdeMacBook-Air.local","req":{"id":1,"method":"GET","url":"/api/system/user/getInfo","query":{},"params":{"0":"system/user/getInfo"},"body":{},"headers":{"host":"localhost:8080","user-agent":"Mozilla/5.0 (Macintosh; Intel Mac OS X 10_15_7) AppleWebKit/537.36 (KHTML, like Gecko) Chrome/143.0.0.0 Safari/537.36","referer":"http://localhost:9527/"}},"requestId":1,"tenantId":"000000","username":"anonymous","userAgent":"Mozilla/5.0 (Macintosh; Intel Mac OS X 10_15_7) AppleWebKit/537.36 (KHTML, like Gecko) Chrome/143.0.0.0 Safari/537.36","ip":"::1","requestId":"6a947e31-6dfc-459b-ae15-9143c9a98edf","tenantId":"000000","userId":1,"username":"admin","userAgent":"Mozilla/5.0 (Macintosh; Intel Mac OS X 10_15_7) AppleWebKit/537.36 (KHTML, like Gecko) Chrome/143.0.0.0 Safari/537.36","ip":"::1","res":{"statusCode":304,"headers":{}},"responseTime":12,"msg":"GET /api/system/user/getInfo completed"}
{"level":30,"time":1766026415472,"pid":13650,"hostname":"macdeMacBook-Air.local","req":{"id":2,"method":"GET","url":"/api/system/menu/getRouters","query":{},"params":{"0":"system/menu/getRouters"},"body":{},"headers":{"host":"localhost:8080","user-agent":"Mozilla/5.0 (Macintosh; Intel Mac OS X 10_15_7) AppleWebKit/537.36 (KHTML, like Gecko) Chrome/143.0.0.0 Safari/537.36","referer":"http://localhost:9527/"}},"requestId":2,"tenantId":"000000","username":"anonymous","userAgent":"Mozilla/5.0 (Macintosh; Intel Mac OS X 10_15_7) AppleWebKit/537.36 (KHTML, like Gecko) Chrome/143.0.0.0 Safari/537.36","ip":"::1","requestId":"70b32f68-551f-4249-aff3-ab0d9e00e743","tenantId":"000000","userId":1,"username":"admin","userAgent":"Mozilla/5.0 (Macintosh; Intel Mac OS X 10_15_7) AppleWebKit/537.36 (KHTML, like Gecko) Chrome/143.0.0.0 Safari/537.36","ip":"::1","res":{"statusCode":304,"headers":{}},"responseTime":91,"msg":"GET /api/system/menu/getRouters completed"}
{"level":20,"time":1766026415722,"pid":13650,"hostname":"macdeMacBook-Air.local","req":{"id":3,"method":"GET","url":"/api/auth/tenant/list","query":{},"params":{"0":"auth/tenant/list"},"body":{},"headers":{"host":"localhost:8080","user-agent":"Mozilla/5.0 (Macintosh; Intel Mac OS X 10_15_7) AppleWebKit/537.36 (KHTML, like Gecko) Chrome/143.0.0.0 Safari/537.36","referer":"http://localhost:9527/home"}},"requestId":3,"tenantId":"000000","username":"anonymous","userAgent":"Mozilla/5.0 (Macintosh; Intel Mac OS X 10_15_7) AppleWebKit/537.36 (KHTML, like Gecko) Chrome/143.0.0.0 Safari/537.36","ip":"::1","context":"TenantGuard","msg":"Tenant filtering ignored for this request"}
{"level":30,"time":1766026415736,"pid":13650,"hostname":"macdeMacBook-Air.local","req":{"id":3,"method":"GET","url":"/api/auth/tenant/list","query":{},"params":{"0":"auth/tenant/list"},"body":{},"headers":{"host":"localhost:8080","user-agent":"Mozilla/5.0 (Macintosh; Intel Mac OS X 10_15_7) AppleWebKit/537.36 (KHTML, like Gecko) Chrome/143.0.0.0 Safari/537.36","referer":"http://localhost:9527/home"}},"requestId":3,"tenantId":"000000","username":"anonymous","userAgent":"Mozilla/5.0 (Macintosh; Intel Mac OS X 10_15_7) AppleWebKit/537.36 (KHTML, like Gecko) Chrome/143.0.0.0 Safari/537.36","ip":"::1","requestId":"ee0353c7-27f7-47c3-8afd-cbdd395de336","tenantId":"000000","userId":1,"username":"admin","userAgent":"Mozilla/5.0 (Macintosh; Intel Mac OS X 10_15_7) AppleWebKit/537.36 (KHTML, like Gecko) Chrome/143.0.0.0 Safari/537.36","ip":"::1","res":{"statusCode":304,"headers":{}},"responseTime":14,"msg":"GET /api/auth/tenant/list completed"}
{"level":30,"time":1766028341852,"pid":13650,"hostname":"macdeMacBook-Air.local","req":{"id":5,"method":"GET","url":"/api/system/file-manager/folder/tree","query":{},"params":{"0":"system/file-manager/folder/tree"},"body":{},"headers":{"host":"localhost:8080","user-agent":"Mozilla/5.0 (Macintosh; Intel Mac OS X 10_15_7) AppleWebKit/537.36 (KHTML, like Gecko) Chrome/143.0.0.0 Safari/537.36","referer":"http://localhost:9527/system/file-manager"}},"requestId":5,"tenantId":"000000","username":"anonymous","userAgent":"Mozilla/5.0 (Macintosh; Intel Mac OS X 10_15_7) AppleWebKit/537.36 (KHTML, like Gecko) Chrome/143.0.0.0 Safari/537.36","ip":"::1","requestId":"6451ef90-23fb-430e-b714-83cda1945d1b","tenantId":"000000","userId":1,"username":"admin","userAgent":"Mozilla/5.0 (Macintosh; Intel Mac OS X 10_15_7) AppleWebKit/537.36 (KHTML, like Gecko) Chrome/143.0.0.0 Safari/537.36","ip":"::1","res":{"statusCode":304,"headers":{}},"responseTime":52,"msg":"GET /api/system/file-manager/folder/tree completed"}
{"level":30,"time":1766028341875,"pid":13650,"hostname":"macdeMacBook-Air.local","req":{"id":6,"method":"GET","url":"/api/system/file-manager/file/list?pageNum=1&pageSize=20&folderId=0","query":{"pageNum":"1","pageSize":"20","folderId":"0"},"params":{"0":"system/file-manager/file/list"},"body":{},"headers":{"host":"localhost:8080","user-agent":"Mozilla/5.0 (Macintosh; Intel Mac OS X 10_15_7) AppleWebKit/537.36 (KHTML, like Gecko) Chrome/143.0.0.0 Safari/537.36","referer":"http://localhost:9527/system/file-manager"}},"requestId":6,"tenantId":"000000","username":"anonymous","userAgent":"Mozilla/5.0 (Macintosh; Intel Mac OS X 10_15_7) AppleWebKit/537.36 (KHTML, like Gecko) Chrome/143.0.0.0 Safari/537.36","ip":"::1","requestId":"cb62e889-5310-4804-80f4-6e739c08981d","tenantId":"000000","userId":1,"username":"admin","userAgent":"Mozilla/5.0 (Macintosh; Intel Mac OS X 10_15_7) AppleWebKit/537.36 (KHTML, like Gecko) Chrome/143.0.0.0 Safari/537.36","ip":"::1","res":{"statusCode":304,"headers":{}},"responseTime":16,"msg":"GET /api/system/file-manager/file/list?pageNum=1&pageSize=20&folderId=0 completed"}
{"level":30,"time":1766028345464,"pid":13650,"hostname":"macdeMacBook-Air.local","req":{"id":4,"method":"GET","url":"/api/resource/sse?Authorization=Bearer%20eyJhbGciOiJIUzI1NiIsInR5cCI6IkpXVCJ9.eyJ1dWlkIjoiZjM4ZjQwMjlhNjM3NGUyMDg5MDdmMGQzMGUxZjc1ZDQiLCJ1c2VySWQiOjEsImlhdCI6MTc2NTk3MTU5OX0.BjJkXzk_WklO3iwDKfhat688W1q4OQTXyp47pWmMr08&clientid=e5cd7e4891bf95d1d19206ce24a7b32e","query":{"Authorization":"Bearer eyJhbGciOiJIUzI1NiIsInR5cCI6IkpXVCJ9.eyJ1dWlkIjoiZjM4ZjQwMjlhNjM3NGUyMDg5MDdmMGQzMGUxZjc1ZDQiLCJ1c2VySWQiOjEsImlhdCI6MTc2NTk3MTU5OX0.BjJkXzk_WklO3iwDKfhat688W1q4OQTXyp47pWmMr08","clientid":"e5cd7e4891bf95d1d19206ce24a7b32e"},"params":{"0":"resource/sse"},"body":{},"headers":{"host":"localhost:8080","user-agent":"Mozilla/5.0 (Macintosh; Intel Mac OS X 10_15_7) AppleWebKit/537.36 (KHTML, like Gecko) Chrome/143.0.0.0 Safari/537.36","referer":"http://localhost:9527/home"}},"requestId":4,"tenantId":"000000","username":"anonymous","userAgent":"Mozilla/5.0 (Macintosh; Intel Mac OS X 10_15_7) AppleWebKit/537.36 (KHTML, like Gecko) Chrome/143.0.0.0 Safari/537.36","ip":"::1","requestId":"a4b3840e-5a6a-424d-b594-fe6c18808455","tenantId":"unknown","username":"anonymous","userAgent":"Mozilla/5.0 (Macintosh; Intel Mac OS X 10_15_7) AppleWebKit/537.36 (KHTML, like Gecko) Chrome/143.0.0.0 Safari/537.36","ip":"::1","res":{"statusCode":200,"headers":{}},"responseTime":1929736,"msg":"GET /api/resource/sse?Authorization=Bearer%20eyJhbGciOiJIUzI1NiIsInR5cCI6IkpXVCJ9.eyJ1dWlkIjoiZjM4ZjQwMjlhNjM3NGUyMDg5MDdmMGQzMGUxZjc1ZDQiLCJ1c2VySWQiOjEsImlhdCI6MTc2NTk3MTU5OX0.BjJkXzk_WklO3iwDKfhat688W1q4OQTXyp47pWmMr08&clientid=e5cd7e4891bf95d1d19206ce24a7b32e completed"}
{"level":30,"time":1766028345862,"pid":13650,"hostname":"macdeMacBook-Air.local","req":{"id":7,"method":"GET","url":"/api/system/user/getInfo","query":{},"params":{"0":"system/user/getInfo"},"body":{},"headers":{"host":"localhost:8080","user-agent":"Mozilla/5.0 (Macintosh; Intel Mac OS X 10_15_7) AppleWebKit/537.36 (KHTML, like Gecko) Chrome/143.0.0.0 Safari/537.36","referer":"http://localhost:9527/system/file-manager"}},"requestId":7,"tenantId":"000000","username":"anonymous","userAgent":"Mozilla/5.0 (Macintosh; Intel Mac OS X 10_15_7) AppleWebKit/537.36 (KHTML, like Gecko) Chrome/143.0.0.0 Safari/537.36","ip":"::1","requestId":"03ae7486-bf0b-4225-89f3-2b962b98d37d","tenantId":"000000","userId":1,"username":"admin","userAgent":"Mozilla/5.0 (Macintosh; Intel Mac OS X 10_15_7) AppleWebKit/537.36 (KHTML, like Gecko) Chrome/143.0.0.0 Safari/537.36","ip":"::1","res":{"statusCode":304,"headers":{}},"responseTime":2,"msg":"GET /api/system/user/getInfo completed"}
{"level":30,"time":1766028345877,"pid":13650,"hostname":"macdeMacBook-Air.local","req":{"id":8,"method":"GET","url":"/api/system/menu/getRouters","query":{},"params":{"0":"system/menu/getRouters"},"body":{},"headers":{"host":"localhost:8080","user-agent":"Mozilla/5.0 (Macintosh; Intel Mac OS X 10_15_7) AppleWebKit/537.36 (KHTML, like Gecko) Chrome/143.0.0.0 Safari/537.36","referer":"http://localhost:9527/system/file-manager"}},"requestId":8,"tenantId":"000000","username":"anonymous","userAgent":"Mozilla/5.0 (Macintosh; Intel Mac OS X 10_15_7) AppleWebKit/537.36 (KHTML, like Gecko) Chrome/143.0.0.0 Safari/537.36","ip":"::1","requestId":"c6a58b57-fb7a-47a3-832f-a2ec928d79d8","tenantId":"000000","userId":1,"username":"admin","userAgent":"Mozilla/5.0 (Macintosh; Intel Mac OS X 10_15_7) AppleWebKit/537.36 (KHTML, like Gecko) Chrome/143.0.0.0 Safari/537.36","ip":"::1","res":{"statusCode":304,"headers":{}},"responseTime":9,"msg":"GET /api/system/menu/getRouters completed"}
{"level":20,"time":1766028345999,"pid":13650,"hostname":"macdeMacBook-Air.local","req":{"id":10,"method":"GET","url":"/api/auth/tenant/list","query":{},"params":{"0":"auth/tenant/list"},"body":{},"headers":{"host":"localhost:8080","user-agent":"Mozilla/5.0 (Macintosh; Intel Mac OS X 10_15_7) AppleWebKit/537.36 (KHTML, like Gecko) Chrome/143.0.0.0 Safari/537.36","referer":"http://localhost:9527/system/file-manager"}},"requestId":10,"tenantId":"000000","username":"anonymous","userAgent":"Mozilla/5.0 (Macintosh; Intel Mac OS X 10_15_7) AppleWebKit/537.36 (KHTML, like Gecko) Chrome/143.0.0.0 Safari/537.36","ip":"::1","context":"TenantGuard","msg":"Tenant filtering ignored for this request"}
{"level":30,"time":1766028346017,"pid":13650,"hostname":"macdeMacBook-Air.local","req":{"id":9,"method":"GET","url":"/api/system/file-manager/folder/tree","query":{},"params":{"0":"system/file-manager/folder/tree"},"body":{},"headers":{"host":"localhost:8080","user-agent":"Mozilla/5.0 (Macintosh; Intel Mac OS X 10_15_7) AppleWebKit/537.36 (KHTML, like Gecko) Chrome/143.0.0.0 Safari/537.36","referer":"http://localhost:9527/system/file-manager"}},"requestId":9,"tenantId":"000000","username":"anonymous","userAgent":"Mozilla/5.0 (Macintosh; Intel Mac OS X 10_15_7) AppleWebKit/537.36 (KHTML, like Gecko) Chrome/143.0.0.0 Safari/537.36","ip":"::1","requestId":"678de6a3-6c82-405c-a4f3-dafcb5e69aba","tenantId":"000000","userId":1,"username":"admin","userAgent":"Mozilla/5.0 (Macintosh; Intel Mac OS X 10_15_7) AppleWebKit/537.36 (KHTML, like Gecko) Chrome/143.0.0.0 Safari/537.36","ip":"::1","res":{"statusCode":304,"headers":{}},"responseTime":37,"msg":"GET /api/system/file-manager/folder/tree completed"}
{"level":30,"time":1766028346022,"pid":13650,"hostname":"macdeMacBook-Air.local","req":{"id":10,"method":"GET","url":"/api/auth/tenant/list","query":{},"params":{"0":"auth/tenant/list"},"body":{},"headers":{"host":"localhost:8080","user-agent":"Mozilla/5.0 (Macintosh; Intel Mac OS X 10_15_7) AppleWebKit/537.36 (KHTML, like Gecko) Chrome/143.0.0.0 Safari/537.36","referer":"http://localhost:9527/system/file-manager"}},"requestId":10,"tenantId":"000000","username":"anonymous","userAgent":"Mozilla/5.0 (Macintosh; Intel Mac OS X 10_15_7) AppleWebKit/537.36 (KHTML, like Gecko) Chrome/143.0.0.0 Safari/537.36","ip":"::1","requestId":"50068c58-4c54-4666-a446-b1c9635e1fdb","tenantId":"000000","userId":1,"username":"admin","userAgent":"Mozilla/5.0 (Macintosh; Intel Mac OS X 10_15_7) AppleWebKit/537.36 (KHTML, like Gecko) Chrome/143.0.0.0 Safari/537.36","ip":"::1","res":{"statusCode":304,"headers":{}},"responseTime":26,"msg":"GET /api/auth/tenant/list completed"}
{"level":30,"time":1766028346033,"pid":13650,"hostname":"macdeMacBook-Air.local","req":{"id":12,"method":"GET","url":"/api/system/file-manager/file/list?pageNum=1&pageSize=20&folderId=0","query":{"pageNum":"1","pageSize":"20","folderId":"0"},"params":{"0":"system/file-manager/file/list"},"body":{},"headers":{"host":"localhost:8080","user-agent":"Mozilla/5.0 (Macintosh; Intel Mac OS X 10_15_7) AppleWebKit/537.36 (KHTML, like Gecko) Chrome/143.0.0.0 Safari/537.36","referer":"http://localhost:9527/system/file-manager"}},"requestId":12,"tenantId":"000000","username":"anonymous","userAgent":"Mozilla/5.0 (Macintosh; Intel Mac OS X 10_15_7) AppleWebKit/537.36 (KHTML, like Gecko) Chrome/143.0.0.0 Safari/537.36","ip":"::1","requestId":"994c5f50-67bd-481c-a785-2dcb61fa36b6","tenantId":"000000","userId":1,"username":"admin","userAgent":"Mozilla/5.0 (Macintosh; Intel Mac OS X 10_15_7) AppleWebKit/537.36 (KHTML, like Gecko) Chrome/143.0.0.0 Safari/537.36","ip":"::1","res":{"statusCode":304,"headers":{}},"responseTime":4,"msg":"GET /api/system/file-manager/file/list?pageNum=1&pageSize=20&folderId=0 completed"}
{"level":30,"time":1766028352342,"pid":13650,"hostname":"macdeMacBook-Air.local","req":{"id":13,"method":"DELETE","url":"/api/system/file-manager/file","query":{},"params":{"0":"system/file-manager/file"},"body":{"uploadIds":["a619c1c8b59e455a9188a2af7f690f62"]},"headers":{"host":"localhost:8080","content-type":"application/json","user-agent":"Mozilla/5.0 (Macintosh; Intel Mac OS X 10_15_7) AppleWebKit/537.36 (KHTML, like Gecko) Chrome/143.0.0.0 Safari/537.36","referer":"http://localhost:9527/system/file-manager"}},"requestId":13,"tenantId":"000000","username":"anonymous","userAgent":"Mozilla/5.0 (Macintosh; Intel Mac OS X 10_15_7) AppleWebKit/537.36 (KHTML, like Gecko) Chrome/143.0.0.0 Safari/537.36","ip":"::1","requestId":"339d6abd-76a2-4cfe-a6a7-bac41796e9f3","tenantId":"000000","userId":1,"username":"admin","userAgent":"Mozilla/5.0 (Macintosh; Intel Mac OS X 10_15_7) AppleWebKit/537.36 (KHTML, like Gecko) Chrome/143.0.0.0 Safari/537.36","ip":"::1","res":{"statusCode":200,"headers":{}},"responseTime":35,"msg":"DELETE /api/system/file-manager/file completed"}
{"level":30,"time":1766028352367,"pid":13650,"hostname":"macdeMacBook-Air.local","req":{"id":14,"method":"GET","url":"/api/system/file-manager/folder/tree","query":{},"params":{"0":"system/file-manager/folder/tree"},"body":{},"headers":{"host":"localhost:8080","user-agent":"Mozilla/5.0 (Macintosh; Intel Mac OS X 10_15_7) AppleWebKit/537.36 (KHTML, like Gecko) Chrome/143.0.0.0 Safari/537.36","referer":"http://localhost:9527/system/file-manager"}},"requestId":14,"tenantId":"000000","username":"anonymous","userAgent":"Mozilla/5.0 (Macintosh; Intel Mac OS X 10_15_7) AppleWebKit/537.36 (KHTML, like Gecko) Chrome/143.0.0.0 Safari/537.36","ip":"::1","requestId":"d3d2936a-e298-4042-9370-295f59e35ce6","tenantId":"000000","userId":1,"username":"admin","userAgent":"Mozilla/5.0 (Macintosh; Intel Mac OS X 10_15_7) AppleWebKit/537.36 (KHTML, like Gecko) Chrome/143.0.0.0 Safari/537.36","ip":"::1","res":{"statusCode":304,"headers":{}},"responseTime":5,"msg":"GET /api/system/file-manager/folder/tree completed"}
{"level":30,"time":1766028352387,"pid":13650,"hostname":"macdeMacBook-Air.local","req":{"id":15,"method":"GET","url":"/api/system/file-manager/file/list?pageNum=1&pageSize=20&folderId=0","query":{"pageNum":"1","pageSize":"20","folderId":"0"},"params":{"0":"system/file-manager/file/list"},"body":{},"headers":{"host":"localhost:8080","user-agent":"Mozilla/5.0 (Macintosh; Intel Mac OS X 10_15_7) AppleWebKit/537.36 (KHTML, like Gecko) Chrome/143.0.0.0 Safari/537.36","referer":"http://localhost:9527/system/file-manager"}},"requestId":15,"tenantId":"000000","username":"anonymous","userAgent":"Mozilla/5.0 (Macintosh; Intel Mac OS X 10_15_7) AppleWebKit/537.36 (KHTML, like Gecko) Chrome/143.0.0.0 Safari/537.36","ip":"::1","requestId":"a6833de7-a0cd-4e4f-9781-dcee7920e584","tenantId":"000000","userId":1,"username":"admin","userAgent":"Mozilla/5.0 (Macintosh; Intel Mac OS X 10_15_7) AppleWebKit/537.36 (KHTML, like Gecko) Chrome/143.0.0.0 Safari/537.36","ip":"::1","res":{"statusCode":200,"headers":{}},"responseTime":5,"msg":"GET /api/system/file-manager/file/list?pageNum=1&pageSize=20&folderId=0 completed"}
